2023-04-16 16:56:58.730 [error] [uncaught exception in sharedProcess]: Cannot read properties of undefined (reading 'then'): TypeError: Cannot read properties of undefined (reading 'then')
    at h.s (/opt/visual-studio-code/resources/app/out/vs/code/node/sharedProcess/sharedProcessMain.js:23:5588)
    at h.q (/opt/visual-studio-code/resources/app/out/vs/code/node/sharedProcess/sharedProcessMain.js:23:4988)
    at /opt/visual-studio-code/resources/app/out/vs/code/node/sharedProcess/sharedProcessMain.js:23:4377
    at E.invoke (/opt/visual-studio-code/resources/app/out/vs/code/node/sharedProcess/sharedProcessMain.js:19:145)
    at u.deliver (/opt/visual-studio-code/resources/app/out/vs/code/node/sharedProcess/sharedProcessMain.js:19:2121)
    at l.fire (/opt/visual-studio-code/resources/app/out/vs/code/node/sharedProcess/sharedProcessMain.js:19:1729)
    at MessagePortMain.B (/opt/visual-studio-code/resources/app/out/vs/code/node/sharedProcess/sharedProcessMain.js:17:23772)
    at MessagePortMain.emit (node:events:526:28)
    at MessagePortMain._internalPort.emit (node:electron/js2c/utility_init:5:364)
2023-04-16 17:03:07.243 [error] [uncaught exception in sharedProcess]: Cannot read properties of undefined (reading 'then'): TypeError: Cannot read properties of undefined (reading 'then')
    at h.s (/opt/visual-studio-code/resources/app/out/vs/code/node/sharedProcess/sharedProcessMain.js:23:5588)
    at h.q (/opt/visual-studio-code/resources/app/out/vs/code/node/sharedProcess/sharedProcessMain.js:23:4988)
    at /opt/visual-studio-code/resources/app/out/vs/code/node/sharedProcess/sharedProcessMain.js:23:4377
    at E.invoke (/opt/visual-studio-code/resources/app/out/vs/code/node/sharedProcess/sharedProcessMain.js:19:145)
    at u.deliver (/opt/visual-studio-code/resources/app/out/vs/code/node/sharedProcess/sharedProcessMain.js:19:2121)
    at l.fire (/opt/visual-studio-code/resources/app/out/vs/code/node/sharedProcess/sharedProcessMain.js:19:1729)
    at MessagePortMain.B (/opt/visual-studio-code/resources/app/out/vs/code/node/sharedProcess/sharedProcessMain.js:17:23772)
    at MessagePortMain.emit (node:events:526:28)
    at MessagePortMain._internalPort.emit (node:electron/js2c/utility_init:5:364)
