2023-04-16 16:36:07.427 [info] Added views:workbench.panel.markers.view in workbench.panel.markers
2023-04-16 16:36:07.427 [info] Added views:workbench.panel.output in workbench.panel.output
2023-04-16 16:36:07.427 [info] Added views:terminal in terminal
2023-04-16 16:36:07.427 [info] Added views:outline in workbench.view.explorer
2023-04-16 16:36:07.427 [info] Added views:workbench.scm in workbench.view.scm
2023-04-16 16:36:07.427 [info] Added views:workbench.view.search in workbench.view.search
2023-04-16 16:36:07.427 [info] Added views:timeline in workbench.view.explorer
2023-04-16 16:36:07.427 [info] Added views:workbench.explorer.emptyView in workbench.view.explorer
2023-04-16 16:36:09.451 [info] Added views:workbench.debug.variablesView,workbench.debug.watchExpressionsView,workbench.debug.callStackView,workbench.debug.breakPointsView in workbench.view.debug
2023-04-16 16:36:10.357 [info] Added views:workbench.panel.repl.view in workbench.panel.repl
2023-04-16 16:36:10.358 [info] Removed views:workbench.debug.breakPointsView,workbench.debug.callStackView,workbench.debug.watchExpressionsView,workbench.debug.variablesView from workbench.view.debug
2023-04-16 16:36:10.359 [info] Added views:workbench.debug.welcome in workbench.view.debug
2023-04-16 16:36:17.853 [info] Added views:workbench.views.extensions.installed,workbench.views.extensions.popular,extensions.recommendedList in workbench.view.extensions
2023-04-16 16:36:17.855 [info] Removed views:workbench.views.extensions.popular from workbench.view.extensions
2023-04-16 16:36:18.108 [info] Added views:workbench.views.extensions.popular in workbench.view.extensions
2023-04-16 16:36:25.404 [info] Removed views:extensions.recommendedList,workbench.views.extensions.popular,workbench.views.extensions.installed from workbench.view.extensions
2023-04-16 16:36:25.416 [info] Added views:workbench.views.extensions.marketplace in workbench.view.extensions
2023-04-16 16:36:25.999 [info] Removed views:workbench.views.extensions.marketplace from workbench.view.extensions
2023-04-16 16:36:26.019 [info] Added views:workbench.views.extensions.installed,workbench.views.extensions.popular,extensions.recommendedList in workbench.view.extensions
2023-04-16 16:36:47.285 [info] Removed views:extensions.recommendedList,workbench.views.extensions.popular,workbench.views.extensions.installed from workbench.view.extensions
2023-04-16 16:36:47.300 [info] Added views:workbench.views.extensions.marketplace in workbench.view.extensions
2023-04-16 16:36:51.616 [info] Added views:workbench.view.testing in workbench.view.extension.test
2023-04-16 16:37:09.216 [info] Removed views:workbench.view.testing from workbench.view.extension.test
2023-04-16 16:37:10.236 [info] Added views:workbench.panel.markers.view in workbench.panel.markers
2023-04-16 16:37:10.236 [info] Added views:workbench.panel.output in workbench.panel.output
2023-04-16 16:37:10.236 [info] Added views:terminal in terminal
2023-04-16 16:37:10.236 [info] Added views:outline in workbench.view.explorer
2023-04-16 16:37:10.236 [info] Added views:workbench.scm in workbench.view.scm
2023-04-16 16:37:10.236 [info] Added views:workbench.view.search in workbench.view.search
2023-04-16 16:37:10.236 [info] Added views:timeline in workbench.view.explorer
2023-04-16 16:37:10.236 [info] Added views:workbench.explorer.fileView in workbench.view.explorer
2023-04-16 16:37:10.354 [info] Added views:workbench.debug.variablesView,workbench.debug.watchExpressionsView,workbench.debug.callStackView,workbench.debug.breakPointsView in workbench.view.debug
2023-04-16 16:37:10.905 [info] Added views:workbench.panel.repl.view in workbench.panel.repl
2023-04-16 16:37:10.908 [info] Removed views:workbench.debug.breakPointsView,workbench.debug.callStackView,workbench.debug.watchExpressionsView,workbench.debug.variablesView from workbench.view.debug
2023-04-16 16:37:10.912 [info] Added views:workbench.debug.welcome in workbench.view.debug
