2023-04-16 16:49:59.336 [info] Added views:workbench.panel.markers.view in workbench.panel.markers
2023-04-16 16:49:59.336 [info] Added views:workbench.panel.output in workbench.panel.output
2023-04-16 16:49:59.336 [info] Added views:terminal in terminal
2023-04-16 16:49:59.336 [info] Added views:outline in workbench.view.explorer
2023-04-16 16:49:59.336 [info] Added views:workbench.scm in workbench.view.scm
2023-04-16 16:49:59.336 [info] Added views:workbench.view.search in workbench.view.search
2023-04-16 16:49:59.336 [info] Added views:timeline in workbench.view.explorer
2023-04-16 16:49:59.336 [info] Added views:workbench.explorer.emptyView in workbench.view.explorer
2023-04-16 16:49:59.538 [info] Added views:workbench.debug.variablesView,workbench.debug.watchExpressionsView,workbench.debug.callStackView,workbench.debug.breakPointsView in workbench.view.debug
2023-04-16 16:50:00.266 [info] Added views:workbench.panel.repl.view in workbench.panel.repl
2023-04-16 16:50:00.267 [info] Removed views:workbench.debug.breakPointsView,workbench.debug.callStackView,workbench.debug.watchExpressionsView,workbench.debug.variablesView from workbench.view.debug
2023-04-16 16:50:00.267 [info] Added views:workbench.debug.welcome in workbench.view.debug
2023-04-16 16:50:05.599 [info] Added views:workbench.views.extensions.installed,workbench.views.extensions.popular,extensions.recommendedList in workbench.view.extensions
2023-04-16 16:50:05.600 [info] Removed views:workbench.views.extensions.popular from workbench.view.extensions
2023-04-16 16:50:05.830 [info] Added views:workbench.views.extensions.popular in workbench.view.extensions
2023-04-16 16:50:07.873 [info] Removed views:extensions.recommendedList,workbench.views.extensions.popular,workbench.views.extensions.installed from workbench.view.extensions
2023-04-16 16:50:07.886 [info] Added views:workbench.views.extensions.marketplace in workbench.view.extensions
2023-04-16 16:50:08.372 [info] Removed views:workbench.views.extensions.marketplace from workbench.view.extensions
2023-04-16 16:50:08.394 [info] Added views:workbench.views.extensions.installed,workbench.views.extensions.popular,extensions.recommendedList in workbench.view.extensions
2023-04-16 16:50:34.421 [info] Added views:workbench.panel.markers.view in workbench.panel.markers
2023-04-16 16:50:34.421 [info] Added views:workbench.panel.output in workbench.panel.output
2023-04-16 16:50:34.421 [info] Added views:terminal in terminal
2023-04-16 16:50:34.421 [info] Added views:outline in workbench.view.explorer
2023-04-16 16:50:34.421 [info] Added views:workbench.scm in workbench.view.scm
2023-04-16 16:50:34.421 [info] Added views:workbench.view.search in workbench.view.search
2023-04-16 16:50:34.421 [info] Added views:timeline in workbench.view.explorer
2023-04-16 16:50:34.421 [info] Added views:workbench.explorer.fileView in workbench.view.explorer
2023-04-16 16:50:34.568 [info] Added views:workbench.debug.variablesView,workbench.debug.watchExpressionsView,workbench.debug.callStackView,workbench.debug.breakPointsView in workbench.view.debug
2023-04-16 16:50:35.105 [info] Added views:workbench.panel.repl.view in workbench.panel.repl
2023-04-16 16:50:35.109 [info] Removed views:workbench.debug.breakPointsView,workbench.debug.callStackView,workbench.debug.watchExpressionsView,workbench.debug.variablesView from workbench.view.debug
2023-04-16 16:50:35.110 [info] Added views:workbench.debug.welcome in workbench.view.debug
2023-04-16 16:50:40.676 [info] Added views:workbench.views.extensions.installed,workbench.views.extensions.popular,extensions.recommendedList in workbench.view.extensions
2023-04-16 16:50:40.683 [info] Removed views:workbench.views.extensions.popular from workbench.view.extensions
2023-04-16 16:50:50.569 [info] Removed views:extensions.recommendedList,workbench.views.extensions.installed from workbench.view.extensions
2023-04-16 16:50:50.581 [info] Added views:workbench.views.extensions.marketplace in workbench.view.extensions
2023-04-16 16:51:12.245 [info] Added views:workbench.debug.breakPointsView in workbench.view.debug
2023-04-16 16:54:06.664 [info] Added views:workbench.view.testing in workbench.view.extension.test
2023-04-16 16:54:50.238 [info] Removed views:workbench.views.extensions.marketplace from workbench.view.extensions
2023-04-16 16:54:50.259 [info] Added views:workbench.views.extensions.installed,extensions.recommendedList in workbench.view.extensions
2023-04-16 16:54:50.954 [info] Removed views:extensions.recommendedList,workbench.views.extensions.installed from workbench.view.extensions
2023-04-16 16:54:50.967 [info] Added views:workbench.views.extensions.marketplace in workbench.view.extensions
2023-04-16 16:54:55.142 [info] Removed views:workbench.views.extensions.marketplace from workbench.view.extensions
2023-04-16 16:54:55.161 [info] Added views:workbench.views.extensions.installed,extensions.recommendedList in workbench.view.extensions
2023-04-16 16:56:47.138 [info] Removed views:workbench.view.testing from workbench.view.extension.test
