2023-04-16 16:56:52.153 [info] Extension host with pid 15154 started
2023-04-16 16:56:52.153 [info] Skipping acquiring lock for /home/grant/.config/Code/User/workspaceStorage/e4f6323c3ae71a37b0ad3aed0cb41d41.
2023-04-16 16:56:52.359 [info] ExtensionService#_doActivateExtension vscode.emmet, startup: false, activationEvent: 'onLanguage'
2023-04-16 16:56:52.367 [info] ExtensionService#_doActivateExtension ms-vscode.cpptools, startup: false, activationEvent: 'onLanguage:cpp'
2023-04-16 16:56:52.931 [info] ExtensionService#_doActivateExtension vscode.git-base, startup: true, activationEvent: '*', root cause: vscode.git
2023-04-16 16:56:53.044 [info] ExtensionService#_doActivateExtension vscode.github-authentication, startup: false, activationEvent: 'onAuthenticationRequest:github'
2023-04-16 16:56:53.079 [info] ExtensionService#_doActivateExtension vscode.git, startup: true, activationEvent: '*'
2023-04-16 16:56:53.095 [info] ExtensionService#_doActivateExtension vscode.github, startup: true, activationEvent: '*'
2023-04-16 16:56:53.165 [info] Eager extensions activated
2023-04-16 16:56:53.243 [info] ExtensionService#_doActivateExtension vscode.debug-auto-launch, startup: false, activationEvent: 'onStartupFinished'
2023-04-16 16:56:53.245 [info] ExtensionService#_doActivateExtension vscode.merge-conflict, startup: false, activationEvent: 'onStartupFinished'
2023-04-16 16:56:53.250 [info] ExtensionService#_doActivateExtension vscode.microsoft-authentication, startup: false, activationEvent: 'onAuthenticationRequest:microsoft'
2023-04-16 16:56:54.091 [warning] DiagnosticCollection with name 'C/C++' does already exist.
2023-04-16 16:56:58.311 [info] ExtensionService#_doActivateExtension vscode.debug-server-ready, startup: false, activationEvent: 'onDebugResolve'
2023-04-16 16:57:03.911 [info] ExtensionService#_doActivateExtension vscode.configuration-editing, startup: false, activationEvent: 'onLanguage:jsonc'
2023-04-16 16:57:03.914 [info] ExtensionService#_doActivateExtension vscode.json-language-features, startup: false, activationEvent: 'onLanguage:jsonc'
2023-04-16 16:57:03.932 [info] ExtensionService#_doActivateExtension vscode.typescript-language-features, startup: false, activationEvent: 'onLanguage:jsonc'
2023-04-16 16:59:06.798 [info] ExtensionService#_doActivateExtension vscode.npm, startup: false, activationEvent: 'onTerminalQuickFixRequest:ms-vscode.npm-command'
2023-04-16 17:04:26.985 [info] Extension host terminating: renderer closed the MessagePort
2023-04-16 17:04:27.038 [info] Extension host with pid 15154 exiting with code 0
