2023-04-16 16:49:58.294 [info] [SharedProcess] using utility process
2023-04-16 16:49:58.294 [info] update#setState idle
2023-04-16 16:49:59.315 [info] [UtilityProcess type: shared-process, pid: <none>]: creating new...
2023-04-16 16:49:59.320 [info] [UtilityProcess id: 1, type: fileWatcher, pid: <none>]: creating new...
2023-04-16 16:49:59.335 [info] [UtilityProcess type: shared-process, pid: 14175]: successfully created
2023-04-16 16:49:59.336 [info] [UtilityProcess id: 1, type: fileWatcher, pid: 14176]: successfully created
2023-04-16 16:49:59.383 [info] [UtilityProcess id: 1, type: extensionHost, pid: <none>]: creating new...
2023-04-16 16:49:59.392 [info] [UtilityProcess id: 1, type: extensionHost, pid: 14196]: successfully created
2023-04-16 16:50:28.282 [info] update#setState checking for updates
2023-04-16 16:50:28.508 [info] update#setState idle
2023-04-16 16:50:33.103 [info] [UtilityProcess id: 1, type: fileWatcher, pid: 14176]: attempting to kill the process...
2023-04-16 16:50:33.103 [info] [UtilityProcess id: 1, type: fileWatcher, pid: 14176]: successfully killed the process
2023-04-16 16:50:33.106 [info] [UtilityProcess id: 1, type: extensionHost, pid: 14196]: received exit event with code 0
2023-04-16 16:50:33.106 [info] Extension host with pid 14196 exited with code: 0, signal: unknown.
2023-04-16 16:50:33.108 [info] [UtilityProcess id: 1, type: fileWatcher, pid: 14176]: received exit event with code 0
2023-04-16 16:50:34.415 [info] [UtilityProcess id: 1, type: fileWatcher, pid: <none>]: creating new...
2023-04-16 16:50:34.420 [info] [UtilityProcess id: 1, type: fileWatcher, pid: 14283]: successfully created
2023-04-16 16:50:34.478 [info] [UtilityProcess id: 2, type: extensionHost, pid: <none>]: creating new...
2023-04-16 16:50:34.483 [info] [UtilityProcess id: 2, type: extensionHost, pid: 14294]: successfully created
2023-04-16 16:56:47.150 [info] [UtilityProcess id: 2, type: extensionHost, pid: 14294]: waiting to exit...
2023-04-16 16:56:47.151 [info] [UtilityProcess id: 1, type: fileWatcher, pid: 14283]: attempting to kill the process...
2023-04-16 16:56:47.151 [info] [UtilityProcess id: 1, type: fileWatcher, pid: 14283]: successfully killed the process
2023-04-16 16:56:47.164 [info] [UtilityProcess id: 1, type: fileWatcher, pid: 14283]: received exit event with code 0
2023-04-16 16:56:47.187 [info] [UtilityProcess id: 2, type: extensionHost, pid: 14294]: received exit event with code 0
2023-04-16 16:56:47.187 [info] Extension host with pid 14294 exited with code: 0, signal: unknown.
