[2021-01-08 23:31:59.160] [sharedprocess] [info] main {"machineId":"251f03139f3fa76a6842eba464260ccc441c3edd4fbad2b42b68a0e498ef9a14","windowId":2}
[2021-01-08 23:31:59.216] [sharedprocess] [error] [File Watcher (node.js)] Error: ENOENT: no such file or directory, stat '/home/grant/.config/Code/User/snippets'
[2021-01-08 23:32:39.174] [sharedprocess] [info] Starting to clean up unused language packs.
[2021-01-08 23:35:53.447] [sharedprocess] [info] Installing extension: ms-python.python
[2021-01-08 23:35:57.194] [sharedprocess] [info] Downloaded extension: ms-python.python undefined
[2021-01-08 23:35:58.692] [sharedprocess] [info] Extracted extension to /home/grant/.vscode/extensions/.ms-python.python-2020.12.424452561: ms-python.python
[2021-01-08 23:35:58.692] [sharedprocess] [info] Renamed to /home/grant/.vscode/extensions/ms-python.python-2020.12.424452561
[2021-01-08 23:35:58.695] [sharedprocess] [info] Installation completed. ms-python.python
[2021-01-08 23:35:59.108] [sharedprocess] [info] Installing extension: ms-toolsai.jupyter
[2021-01-08 23:36:03.964] [sharedprocess] [info] Downloaded extension: ms-toolsai.jupyter undefined
[2021-01-08 23:36:04.525] [sharedprocess] [info] Extracted extension to /home/grant/.vscode/extensions/.ms-toolsai.jupyter-2020.12.414227025: ms-toolsai.jupyter
[2021-01-08 23:36:04.526] [sharedprocess] [info] Renamed to /home/grant/.vscode/extensions/ms-toolsai.jupyter-2020.12.414227025
[2021-01-08 23:36:04.528] [sharedprocess] [info] Installation completed. ms-toolsai.jupyter
[2021-01-08 23:36:04.576] [sharedprocess] [info] Extensions installed successfully: ms-toolsai.jupyter
[2021-01-08 23:36:04.577] [sharedprocess] [info] Extensions installed successfully: ms-python.python
[2021-01-08 23:36:34.475] [sharedprocess] [info] Installing extension: ms-vscode.cpptools
[2021-01-08 23:36:35.720] [sharedprocess] [info] Downloaded extension: ms-vscode.cpptools undefined
[2021-01-08 23:36:35.940] [sharedprocess] [info] Extracted extension to /home/grant/.vscode/extensions/.ms-vscode.cpptools-1.1.3: ms-vscode.cpptools
[2021-01-08 23:36:35.940] [sharedprocess] [info] Renamed to /home/grant/.vscode/extensions/ms-vscode.cpptools-1.1.3
[2021-01-08 23:36:35.942] [sharedprocess] [info] Installation completed. ms-vscode.cpptools
[2021-01-08 23:36:36.011] [sharedprocess] [info] Extensions installed successfully: ms-vscode.cpptools
